{"C:\\Users\\Shreaya\\Desktop\\pern\\server\\index.js": {"path":"C:\\Users\\Shreaya\\Desktop\\pern\\server\\index.js","statementMap":{"0":{"start":{"line":1,"column":16},"end":{"line":1,"column":34}},"1":{"start":{"line":2,"column":12},"end":{"line":2,"column":21}},"2":{"start":{"line":3,"column":15},"end":{"line":3,"column":32}},"3":{"start":{"line":4,"column":13},"end":{"line":4,"column":28}},"4":{"start":{"line":6,"column":0},"end":{"line":6,"column":24}},"5":{"start":{"line":7,"column":0},"end":{"line":7,"column":16}},"6":{"start":{"line":9,"column":0},"end":{"line":9,"column":16}},"7":{"start":{"line":11,"column":0},"end":{"line":11,"column":16}},"8":{"start":{"line":12,"column":0},"end":{"line":12,"column":53}},"9":{"start":{"line":13,"column":0},"end":{"line":13,"column":55}},"10":{"start":{"line":14,"column":0},"end":{"line":14,"column":54}},"11":{"start":{"line":17,"column":15},"end":{"line":19,"column":2}},"12":{"start":{"line":18,"column":4},"end":{"line":18,"column":58}},"13":{"start":{"line":22,"column":0},"end":{"line":28,"column":2}},"14":{"start":{"line":23,"column":4},"end":{"line":23,"column":41}},"15":{"start":{"line":24,"column":4},"end":{"line":24,"column":41}},"16":{"start":{"line":25,"column":4},"end":{"line":27,"column":6}},"17":{"start":{"line":26,"column":8},"end":{"line":26,"column":24}},"18":{"start":{"line":29,"column":0},"end":{"line":29,"column":20}},"19":{"start":{"line":30,"column":0},"end":{"line":30,"column":24}}},"fnMap":{"0":{"name":"(anonymous_0)","decl":{"start":{"line":17,"column":52},"end":{"line":17,"column":53}},"loc":{"start":{"line":17,"column":58},"end":{"line":19,"column":1}},"line":17},"1":{"name":"(anonymous_1)","decl":{"start":{"line":22,"column":33},"end":{"line":22,"column":34}},"loc":{"start":{"line":22,"column":40},"end":{"line":28,"column":1}},"line":22},"2":{"name":"(anonymous_2)","decl":{"start":{"line":25,"column":17},"end":{"line":25,"column":18}},"loc":{"start":{"line":25,"column":23},"end":{"line":27,"column":5}},"line":25}},"branchMap":{"0":{"loc":{"start":{"line":17,"column":26},"end":{"line":17,"column":50}},"type":"binary-expr","locations":[{"start":{"line":17,"column":26},"end":{"line":17,"column":42}},{"start":{"line":17,"column":46},"end":{"line":17,"column":50}}],"line":17}},"s":{"0":2,"1":2,"2":2,"3":2,"4":2,"5":2,"6":2,"7":2,"8":2,"9":2,"10":2,"11":2,"12":0,"13":2,"14":0,"15":0,"16":0,"17":0,"18":2,"19":2},"f":{"0":0,"1":0,"2":0},"b":{"0":[2,0]},"_coverageSchema":"1a1c01bbd47fc00a2c39e90264f33305004495a9","hash":"424227a50a9914e4bf8ad8900abdca02b5ccfabc"}
,"C:\\Users\\Shreaya\\Desktop\\pern\\server\\config\\knexfile.js": {"path":"C:\\Users\\Shreaya\\Desktop\\pern\\server\\config\\knexfile.js","statementMap":{"0":{"start":{"line":1,"column":0},"end":{"line":1,"column":27}},"1":{"start":{"line":2,"column":0},"end":{"line":2,"column":51}},"2":{"start":{"line":3,"column":0},"end":{"line":7,"column":2}}},"fnMap":{},"branchMap":{},"s":{"0":2,"1":2,"2":2},"f":{},"b":{},"_coverageSchema":"1a1c01bbd47fc00a2c39e90264f33305004495a9","hash":"701f6304f1ab4badaeed863373ee98d8733eab2a"}
,"C:\\Users\\Shreaya\\Desktop\\pern\\server\\config\\db\\index.js": {"path":"C:\\Users\\Shreaya\\Desktop\\pern\\server\\config\\db\\index.js","statementMap":{"0":{"start":{"line":1,"column":17},"end":{"line":1,"column":39}},"1":{"start":{"line":3,"column":13},"end":{"line":3,"column":38}},"2":{"start":{"line":5,"column":0},"end":{"line":5,"column":26}}},"fnMap":{},"branchMap":{},"s":{"0":2,"1":2,"2":2},"f":{},"b":{},"_coverageSchema":"1a1c01bbd47fc00a2c39e90264f33305004495a9","hash":"b41c471bdf1e364da252dae24837cfad72d349cf"}
,"C:\\Users\\Shreaya\\Desktop\\pern\\server\\controllers\\pizzaController.js": {"path":"C:\\Users\\Shreaya\\Desktop\\pern\\server\\controllers\\pizzaController.js","statementMap":{"0":{"start":{"line":1,"column":16},"end":{"line":1,"column":34}},"1":{"start":{"line":2,"column":15},"end":{"line":2,"column":31}},"2":{"start":{"line":3,"column":17},"end":{"line":3,"column":46}},"3":{"start":{"line":6,"column":25},"end":{"line":6,"column":33}},"4":{"start":{"line":8,"column":0},"end":{"line":34,"column":1}},"5":{"start":{"line":9,"column":18},"end":{"line":9,"column":26}},"6":{"start":{"line":12,"column":4},"end":{"line":33,"column":5}},"7":{"start":{"line":14,"column":30},"end":{"line":23,"column":27}},"8":{"start":{"line":29,"column":8},"end":{"line":29,"column":44}},"9":{"start":{"line":32,"column":8},"end":{"line":32,"column":36}},"10":{"start":{"line":38,"column":0},"end":{"line":52,"column":1}},"11":{"start":{"line":40,"column":4},"end":{"line":50,"column":5}},"12":{"start":{"line":42,"column":23},"end":{"line":43,"column":44}},"13":{"start":{"line":46,"column":8},"end":{"line":46,"column":37}},"14":{"start":{"line":49,"column":8},"end":{"line":49,"column":55}}},"fnMap":{"0":{"name":"(anonymous_0)","decl":{"start":{"line":8,"column":22},"end":{"line":8,"column":23}},"loc":{"start":{"line":8,"column":42},"end":{"line":34,"column":1}},"line":8},"1":{"name":"(anonymous_1)","decl":{"start":{"line":38,"column":22},"end":{"line":38,"column":23}},"loc":{"start":{"line":38,"column":42},"end":{"line":52,"column":1}},"line":38}},"branchMap":{},"s":{"0":2,"1":2,"2":2,"3":2,"4":2,"5":0,"6":0,"7":0,"8":0,"9":0,"10":2,"11":0,"12":0,"13":0,"14":0},"f":{"0":0,"1":0},"b":{},"_coverageSchema":"1a1c01bbd47fc00a2c39e90264f33305004495a9","hash":"1159c57698e6da20ea409df188ee2efa3407ffc1"}
,"C:\\Users\\Shreaya\\Desktop\\pern\\server\\controllers\\userController.js": {"path":"C:\\Users\\Shreaya\\Desktop\\pern\\server\\controllers\\userController.js","statementMap":{"0":{"start":{"line":1,"column":16},"end":{"line":1,"column":34}},"1":{"start":{"line":2,"column":15},"end":{"line":2,"column":31}},"2":{"start":{"line":3,"column":17},"end":{"line":3,"column":46}},"3":{"start":{"line":6,"column":24},"end":{"line":6,"column":31}},"4":{"start":{"line":8,"column":0},"end":{"line":31,"column":1}},"5":{"start":{"line":9,"column":38},"end":{"line":9,"column":46}},"6":{"start":{"line":11,"column":4},"end":{"line":30,"column":5}},"7":{"start":{"line":12,"column":21},"end":{"line":13,"column":29}},"8":{"start":{"line":14,"column":8},"end":{"line":21,"column":9}},"9":{"start":{"line":15,"column":33},"end":{"line":17,"column":31}},"10":{"start":{"line":20,"column":12},"end":{"line":20,"column":47}},"11":{"start":{"line":26,"column":8},"end":{"line":29,"column":10}}},"fnMap":{"0":{"name":"(anonymous_0)","decl":{"start":{"line":8,"column":23},"end":{"line":8,"column":24}},"loc":{"start":{"line":8,"column":43},"end":{"line":31,"column":1}},"line":8}},"branchMap":{"0":{"loc":{"start":{"line":14,"column":8},"end":{"line":21,"column":9}},"type":"if","locations":[{"start":{"line":14,"column":8},"end":{"line":21,"column":9}},{"start":{},"end":{}}],"line":14}},"s":{"0":2,"1":2,"2":2,"3":2,"4":2,"5":0,"6":0,"7":0,"8":0,"9":0,"10":0,"11":0},"f":{"0":0},"b":{"0":[0,0]},"_coverageSchema":"1a1c01bbd47fc00a2c39e90264f33305004495a9","hash":"d20f8cd2dcd0e660c03106b7b7c46507c687bf3b"}
,"C:\\Users\\Shreaya\\Desktop\\pern\\server\\routes\\orderRoute.js": {"path":"C:\\Users\\Shreaya\\Desktop\\pern\\server\\routes\\orderRoute.js","statementMap":{"0":{"start":{"line":1,"column":16},"end":{"line":1,"column":34}},"1":{"start":{"line":2,"column":15},"end":{"line":2,"column":31}},"2":{"start":{"line":3,"column":17},"end":{"line":3,"column":46}},"3":{"start":{"line":5,"column":25},"end":{"line":5,"column":33}},"4":{"start":{"line":7,"column":0},"end":{"line":51,"column":3}},"5":{"start":{"line":8,"column":46},"end":{"line":8,"column":54}},"6":{"start":{"line":9,"column":4},"end":{"line":9,"column":38}},"7":{"start":{"line":10,"column":17},"end":{"line":10,"column":24}},"8":{"start":{"line":11,"column":4},"end":{"line":11,"column":39}},"9":{"start":{"line":12,"column":4},"end":{"line":50,"column":5}},"10":{"start":{"line":13,"column":22},"end":{"line":13,"column":30}},"11":{"start":{"line":14,"column":30},"end":{"line":24,"column":27}},"12":{"start":{"line":26,"column":8},"end":{"line":26,"column":60}},"13":{"start":{"line":27,"column":24},"end":{"line":27,"column":43}},"14":{"start":{"line":28,"column":27},"end":{"line":28,"column":55}},"15":{"start":{"line":29,"column":32},"end":{"line":35,"column":27}},"16":{"start":{"line":37,"column":8},"end":{"line":37,"column":47}},"17":{"start":{"line":38,"column":8},"end":{"line":38,"column":57}},"18":{"start":{"line":40,"column":8},"end":{"line":44,"column":11}},"19":{"start":{"line":47,"column":8},"end":{"line":49,"column":10}},"20":{"start":{"line":54,"column":0},"end":{"line":74,"column":2}},"21":{"start":{"line":55,"column":4},"end":{"line":55,"column":34}},"22":{"start":{"line":56,"column":17},"end":{"line":56,"column":25}},"23":{"start":{"line":57,"column":4},"end":{"line":57,"column":28}},"24":{"start":{"line":58,"column":4},"end":{"line":73,"column":5}},"25":{"start":{"line":60,"column":22},"end":{"line":63,"column":60}},"26":{"start":{"line":64,"column":8},"end":{"line":64,"column":41}},"27":{"start":{"line":65,"column":8},"end":{"line":65,"column":35}},"28":{"start":{"line":69,"column":8},"end":{"line":72,"column":11}},"29":{"start":{"line":76,"column":0},"end":{"line":90,"column":2}},"30":{"start":{"line":77,"column":23},"end":{"line":77,"column":31}},"31":{"start":{"line":78,"column":4},"end":{"line":89,"column":5}},"32":{"start":{"line":79,"column":23},"end":{"line":81,"column":60}},"33":{"start":{"line":83,"column":8},"end":{"line":83,"column":37}},"34":{"start":{"line":85,"column":8},"end":{"line":88,"column":10}},"35":{"start":{"line":93,"column":0},"end":{"line":93,"column":24}}},"fnMap":{"0":{"name":"(anonymous_0)","decl":{"start":{"line":7,"column":27},"end":{"line":7,"column":28}},"loc":{"start":{"line":7,"column":47},"end":{"line":51,"column":1}},"line":7},"1":{"name":"(anonymous_1)","decl":{"start":{"line":54,"column":29},"end":{"line":54,"column":30}},"loc":{"start":{"line":54,"column":49},"end":{"line":74,"column":1}},"line":54},"2":{"name":"(anonymous_2)","decl":{"start":{"line":76,"column":28},"end":{"line":76,"column":29}},"loc":{"start":{"line":76,"column":48},"end":{"line":90,"column":1}},"line":76}},"branchMap":{},"s":{"0":2,"1":2,"2":2,"3":2,"4":2,"5":0,"6":0,"7":0,"8":0,"9":0,"10":0,"11":0,"12":0,"13":0,"14":0,"15":0,"16":0,"17":0,"18":0,"19":0,"20":2,"21":0,"22":0,"23":0,"24":0,"25":0,"26":0,"27":0,"28":0,"29":2,"30":0,"31":0,"32":0,"33":0,"34":0,"35":2},"f":{"0":0,"1":0,"2":0},"b":{},"_coverageSchema":"1a1c01bbd47fc00a2c39e90264f33305004495a9","hash":"348c668a5c693431e7427d81dfafc85b533dcc2b"}
,"C:\\Users\\Shreaya\\Desktop\\pern\\server\\routes\\pizzaRoute.js": {"path":"C:\\Users\\Shreaya\\Desktop\\pern\\server\\routes\\pizzaRoute.js","statementMap":{"0":{"start":{"line":1,"column":16},"end":{"line":1,"column":34}},"1":{"start":{"line":2,"column":15},"end":{"line":2,"column":31}},"2":{"start":{"line":3,"column":17},"end":{"line":3,"column":46}},"3":{"start":{"line":4,"column":24},"end":{"line":4,"column":65}},"4":{"start":{"line":5,"column":25},"end":{"line":5,"column":33}},"5":{"start":{"line":8,"column":0},"end":{"line":8,"column":38}},"6":{"start":{"line":10,"column":0},"end":{"line":10,"column":29}},"7":{"start":{"line":12,"column":0},"end":{"line":22,"column":2}},"8":{"start":{"line":13,"column":20},"end":{"line":13,"column":36}},"9":{"start":{"line":15,"column":4},"end":{"line":21,"column":5}},"10":{"start":{"line":16,"column":22},"end":{"line":17,"column":35}},"11":{"start":{"line":18,"column":8},"end":{"line":18,"column":23}},"12":{"start":{"line":20,"column":8},"end":{"line":20,"column":34}},"13":{"start":{"line":24,"column":0},"end":{"line":48,"column":2}},"14":{"start":{"line":25,"column":25},"end":{"line":25,"column":46}},"15":{"start":{"line":30,"column":4},"end":{"line":47,"column":5}},"16":{"start":{"line":31,"column":22},"end":{"line":41,"column":27}},"17":{"start":{"line":42,"column":8},"end":{"line":42,"column":36}},"18":{"start":{"line":45,"column":8},"end":{"line":45,"column":34}},"19":{"start":{"line":50,"column":0},"end":{"line":61,"column":2}},"20":{"start":{"line":51,"column":20},"end":{"line":51,"column":36}},"21":{"start":{"line":52,"column":4},"end":{"line":60,"column":5}},"22":{"start":{"line":53,"column":28},"end":{"line":55,"column":18}},"23":{"start":{"line":56,"column":8},"end":{"line":56,"column":45}},"24":{"start":{"line":59,"column":8},"end":{"line":59,"column":34}},"25":{"start":{"line":63,"column":0},"end":{"line":63,"column":24}}},"fnMap":{"0":{"name":"(anonymous_0)","decl":{"start":{"line":12,"column":29},"end":{"line":12,"column":30}},"loc":{"start":{"line":12,"column":49},"end":{"line":22,"column":1}},"line":12},"1":{"name":"(anonymous_1)","decl":{"start":{"line":24,"column":29},"end":{"line":24,"column":30}},"loc":{"start":{"line":24,"column":49},"end":{"line":48,"column":1}},"line":24},"2":{"name":"(anonymous_2)","decl":{"start":{"line":50,"column":28},"end":{"line":50,"column":29}},"loc":{"start":{"line":50,"column":48},"end":{"line":61,"column":1}},"line":50}},"branchMap":{},"s":{"0":2,"1":2,"2":2,"3":2,"4":2,"5":2,"6":2,"7":2,"8":0,"9":0,"10":0,"11":0,"12":0,"13":2,"14":0,"15":0,"16":0,"17":0,"18":0,"19":2,"20":0,"21":0,"22":0,"23":0,"24":0,"25":2},"f":{"0":0,"1":0,"2":0},"b":{},"_coverageSchema":"1a1c01bbd47fc00a2c39e90264f33305004495a9","hash":"2ab0de19689f90d79e763dd362db34addad933b3"}
,"C:\\Users\\Shreaya\\Desktop\\pern\\server\\routes\\userRoute.js": {"path":"C:\\Users\\Shreaya\\Desktop\\pern\\server\\routes\\userRoute.js","statementMap":{"0":{"start":{"line":1,"column":16},"end":{"line":1,"column":34}},"1":{"start":{"line":2,"column":15},"end":{"line":2,"column":31}},"2":{"start":{"line":3,"column":17},"end":{"line":3,"column":46}},"3":{"start":{"line":4,"column":25},"end":{"line":4,"column":65}},"4":{"start":{"line":6,"column":12},"end":{"line":6,"column":35}},"5":{"start":{"line":8,"column":24},"end":{"line":8,"column":31}},"6":{"start":{"line":10,"column":0},"end":{"line":10,"column":39}},"7":{"start":{"line":12,"column":15},"end":{"line":12,"column":21}},"8":{"start":{"line":14,"column":0},"end":{"line":40,"column":2}},"9":{"start":{"line":15,"column":32},"end":{"line":15,"column":40}},"10":{"start":{"line":16,"column":4},"end":{"line":39,"column":5}},"11":{"start":{"line":17,"column":21},"end":{"line":18,"column":39}},"12":{"start":{"line":20,"column":8},"end":{"line":33,"column":9}},"13":{"start":{"line":21,"column":26},"end":{"line":21,"column":71}},"14":{"start":{"line":22,"column":32},"end":{"line":26,"column":13}},"15":{"start":{"line":27,"column":12},"end":{"line":27,"column":45}},"16":{"start":{"line":28,"column":12},"end":{"line":28,"column":46}},"17":{"start":{"line":30,"column":12},"end":{"line":32,"column":14}},"18":{"start":{"line":35,"column":8},"end":{"line":37,"column":10}},"19":{"start":{"line":42,"column":0},"end":{"line":54,"column":2}},"20":{"start":{"line":44,"column":4},"end":{"line":52,"column":5}},"21":{"start":{"line":45,"column":22},"end":{"line":46,"column":43}},"22":{"start":{"line":48,"column":8},"end":{"line":48,"column":34}},"23":{"start":{"line":49,"column":8},"end":{"line":49,"column":36}},"24":{"start":{"line":51,"column":8},"end":{"line":51,"column":55}},"25":{"start":{"line":56,"column":0},"end":{"line":56,"column":24}}},"fnMap":{"0":{"name":"(anonymous_0)","decl":{"start":{"line":14,"column":22},"end":{"line":14,"column":23}},"loc":{"start":{"line":14,"column":42},"end":{"line":40,"column":1}},"line":14},"1":{"name":"(anonymous_1)","decl":{"start":{"line":42,"column":27},"end":{"line":42,"column":28}},"loc":{"start":{"line":42,"column":47},"end":{"line":54,"column":1}},"line":42}},"branchMap":{"0":{"loc":{"start":{"line":20,"column":8},"end":{"line":33,"column":9}},"type":"if","locations":[{"start":{"line":20,"column":8},"end":{"line":33,"column":9}},{"start":{"line":29,"column":15},"end":{"line":33,"column":9}}],"line":20}},"s":{"0":2,"1":2,"2":2,"3":2,"4":2,"5":2,"6":2,"7":2,"8":2,"9":0,"10":0,"11":0,"12":0,"13":0,"14":0,"15":0,"16":0,"17":0,"18":0,"19":2,"20":0,"21":0,"22":0,"23":0,"24":0,"25":2},"f":{"0":0,"1":0},"b":{"0":[0,0]},"_coverageSchema":"1a1c01bbd47fc00a2c39e90264f33305004495a9","hash":"efb35e89cae88e7aac68ccaa166887329da6de24"}
}
